<?xml version="1.0" encoding="UTF-8"?>
<testsuite xmlns:xsi="http://www.w3.org/2001/XMLSchema-instance" xsi:noNamespaceSchemaLocation="https://maven.apache.org/surefire/maven-surefire-plugin/xsd/surefire-test-report-3.0.xsd" version="3.0" name="com.example.backend.BackendApplicationTests" time="7.845" tests="1" errors="0" skipped="0" failures="0">
  <properties>
[...]
</properties>
  <testcase name="contextLoads" classname="com.example.backend.BackendApplicationTests" time="1.022">
    <system-out><![CDATA[Standard Commons Logging discovery in action with spring-jcl: please remove commons-logging.jar from classpath in order to avoid potential conflicts
22:12:07.154 [main] INFO org.springframework.test.context.support.AnnotationConfigContextLoaderUtils -- Could not detect default configuration classes for test class [com.example.backend.BackendApplicationTests]: BackendApplicationTests does not declare any static, non-private, non-final, nested classes annotated with @Configuration.
22:12:07.314 [main] INFO org.springframework.boot.test.context.SpringBootTestContextBootstrapper -- Found @SpringBootConfiguration com.example.backend.BackendApplication for test class com.example.backend.BackendApplicationTests

  .   ____          _            __ _ _
 /\\ / ___'_ __ _ _(_)_ __  __ _ \ \ \ \
( ( )\___ | '_ | '_| | '_ \/ _` | \ \ \ \
 \\/  ___)| |_)| | | | | || (_| |  ) ) ) )
  '  |____| .__|_| |_|_| |_\__, | / / / /
 =========|_|==============|___/=/_/_/_/
 :: Spring Boot ::                (v3.1.5)

2025-05-15T22:12:08.009+05:30  INFO 22464 --- [           main] c.e.backend.BackendApplicationTests      : Starting BackendApplicationTests using Java 23.0.2 with PID 22464 (started by chath in D:\Y3S2\Learning-Platform\backend)
2025-05-15T22:12:08.009+05:30 DEBUG 22464 --- [           main] c.e.backend.BackendApplicationTests      : Running with Spring Boot v3.1.5, Spring v6.0.13
2025-05-15T22:12:08.009+05:30  INFO 22464 --- [           main] c.e.backend.BackendApplicationTests      : No active profile set, falling back to 1 default profile: "default"
2025-05-15T22:12:08.081+05:30 DEBUG 22464 --- [           main] o.s.w.c.s.GenericWebApplicationContext   : Refreshing org.springframework.web.context.support.GenericWebApplicationContext@1e886a5b
2025-05-15T22:12:09.315+05:30  INFO 22464 --- [           main] .s.d.r.c.RepositoryConfigurationDelegate : Bootstrapping Spring Data MongoDB repositories in DEFAULT mode.
2025-05-15T22:12:09.449+05:30  INFO 22464 --- [           main] .s.d.r.c.RepositoryConfigurationDelegate : Finished Spring Data repository scanning in 125 ms. Found 7 MongoDB repository interfaces.
2025-05-15T22:12:10.719+05:30  INFO 22464 --- [           main] org.mongodb.driver.client                : MongoClient with metadata {"driver": {"name": "mongo-java-driver|sync|spring-boot", "version": "4.9.1"}, "os": {"type": "Windows", "name": "Windows 11", "architecture": "amd64", "version": "10.0"}, "platform": "Java/Oracle Corporation/23.0.2+7-58", "application": {"name": "Cluster0"}} created with settings MongoClientSettings{readPreference=primary, writeConcern=WriteConcern{w=majority, wTimeout=null ms, journal=null}, retryWrites=true, retryReads=true, readConcern=ReadConcern{level=null}, credential=MongoCredential{mechanism=null, userName='mongotest322', source='admin', password=<hidden>, mechanismProperties=<hidden>}, streamFactoryFactory=null, commandListeners=[], codecRegistry=ProvidersCodecRegistry{codecProviders=[ValueCodecProvider{}, BsonValueCodecProvider{}, DBRefCodecProvider{}, DBObjectCodecProvider{}, DocumentCodecProvider{}, CollectionCodecProvider{}, IterableCodecProvider{}, MapCodecProvider{}, GeoJsonCodecProvider{}, GridFSFileCodecProvider{}, Jsr310CodecProvider{}, JsonObjectCodecProvider{}, BsonCodecProvider{}, EnumCodecProvider{}, com.mongodb.client.model.mql.ExpressionCodecProvider@14447be, com.mongodb.Jep395RecordCodecProvider@5eb5da12]}, loggerSettings=LoggerSettings{maxDocumentLength=1000}, clusterSettings={hosts=[127.0.0.1:27017], srvHost=cluster0.7jflzio.mongodb.net, srvServiceName=mongodb, mode=MULTIPLE, requiredClusterType=REPLICA_SET, requiredReplicaSetName='atlas-n5tllh-shard-0', serverSelector='null', clusterListeners='[]', serverSelectionTimeout='30000 ms', localThreshold='30000 ms'}, socketSettings=SocketSettings{connectTimeoutMS=10000, readTimeoutMS=0, receiveBufferSize=0, sendBufferSize=0}, heartbeatSocketSettings=SocketSettings{connectTimeoutMS=10000, readTimeoutMS=10000, receiveBufferSize=0, sendBufferSize=0}, connectionPoolSettings=ConnectionPoolSettings{maxSize=100, minSize=0, maxWaitTimeMS=120000, maxConnectionLifeTimeMS=0, maxConnectionIdleTimeMS=0, maintenanceInitialDelayMS=0, maintenanceFrequencyMS=60000, connectionPoolListeners=[], maxConnecting=2}, serverSettings=ServerSettings{heartbeatFrequencyMS=10000, minHeartbeatFrequencyMS=500, serverListeners='[]', serverMonitorListeners='[]'}, sslSettings=SslSettings{enabled=true, invalidHostNameAllowed=false, context=null}, applicationName='Cluster0', compressorList=[], uuidRepresentation=JAVA_LEGACY, serverApi=null, autoEncryptionSettings=null, contextProvider=null}
2025-05-15T22:12:10.894+05:30  INFO 22464 --- [zio.mongodb.net] org.mongodb.driver.cluster               : Adding discovered server ac-bapaon2-shard-00-02.7jflzio.mongodb.net:27017 to client view of cluster
2025-05-15T22:12:10.945+05:30  INFO 22464 --- [zio.mongodb.net] org.mongodb.driver.cluster               : Adding discovered server ac-bapaon2-shard-00-01.7jflzio.mongodb.net:27017 to client view of cluster
2025-05-15T22:12:10.947+05:30  INFO 22464 --- [zio.mongodb.net] org.mongodb.driver.cluster               : Adding discovered server ac-bapaon2-shard-00-00.7jflzio.mongodb.net:27017 to client view of cluster
2025-05-15T22:12:12.179+05:30  INFO 22464 --- [           main] o.s.s.web.DefaultSecurityFilterChain     : Will secure any request with [org.springframework.security.web.session.DisableEncodeUrlFilter@7c91fe86, org.springframework.security.web.context.request.async.WebAsyncManagerIntegrationFilter@7fc7152e, org.springframework.security.web.context.SecurityContextHolderFilter@5cd8d029, org.springframework.security.web.header.HeaderWriterFilter@60928a61, org.springframework.web.filter.CorsFilter@13d289c7, org.springframework.security.web.authentication.logout.LogoutFilter@16a6dc21, org.springframework.security.web.authentication.www.BasicAuthenticationFilter@7e2c6702, org.springframework.security.web.savedrequest.RequestCacheAwareFilter@6e8f2094, org.springframework.security.web.servletapi.SecurityContextHolderAwareRequestFilter@6e00837f, org.springframework.security.web.authentication.AnonymousAuthenticationFilter@6704df84, org.springframework.security.web.session.SessionManagementFilter@50a7c72b, org.springframework.security.web.access.ExceptionTranslationFilter@65859b44, org.springframework.security.web.access.intercept.AuthorizationFilter@4899799b]
2025-05-15T22:12:12.844+05:30  INFO 22464 --- [ngodb.net:27017] org.mongodb.driver.cluster               : Monitor thread successfully connected to server with description ServerDescription{address=ac-bapaon2-shard-00-00.7jflzio.mongodb.net:27017, type=REPLICA_SET_SECONDARY, state=CONNECTED, ok=true, minWireVersion=0, maxWireVersion=25, maxDocumentSize=16777216, logicalSessionTimeoutMinutes=30, roundTripTimeNanos=1143348800, setName='atlas-n5tllh-shard-0', canonicalAddress=ac-bapaon2-shard-00-00.7jflzio.mongodb.net:27017, hosts=[ac-bapaon2-shard-00-00.7jflzio.mongodb.net:27017, ac-bapaon2-shard-00-01.7jflzio.mongodb.net:27017, ac-bapaon2-shard-00-02.7jflzio.mongodb.net:27017], passives=[], arbiters=[], primary='ac-bapaon2-shard-00-02.7jflzio.mongodb.net:27017', tagSet=TagSet{[Tag{name='availabilityZone', value='aps1-az1'}, Tag{name='diskState', value='READY'}, Tag{name='nodeType', value='ELECTABLE'}, Tag{name='provider', value='AWS'}, Tag{name='region', value='AP_SOUTH_1'}, Tag{name='workloadType', value='OPERATIONAL'}]}, electionId=null, setVersion=181, topologyVersion=TopologyVersion{processId=68243d87f5b3cb16fe6e3e49, counter=5}, lastWriteDate=Thu May 15 22:12:15 IST 2025, lastUpdateTimeNanos=648750899911200}
2025-05-15T22:12:12.844+05:30  INFO 22464 --- [ngodb.net:27017] org.mongodb.driver.cluster               : Monitor thread successfully connected to server with description ServerDescription{address=ac-bapaon2-shard-00-01.7jflzio.mongodb.net:27017, type=REPLICA_SET_SECONDARY, state=CONNECTED, ok=true, minWireVersion=0, maxWireVersion=25, maxDocumentSize=16777216, logicalSessionTimeoutMinutes=30, roundTripTimeNanos=1140535200, setName='atlas-n5tllh-shard-0', canonicalAddress=ac-bapaon2-shard-00-01.7jflzio.mongodb.net:27017, hosts=[ac-bapaon2-shard-00-00.7jflzio.mongodb.net:27017, ac-bapaon2-shard-00-01.7jflzio.mongodb.net:27017, ac-bapaon2-shard-00-02.7jflzio.mongodb.net:27017], passives=[], arbiters=[], primary='ac-bapaon2-shard-00-02.7jflzio.mongodb.net:27017', tagSet=TagSet{[Tag{name='availabilityZone', value='aps1-az3'}, Tag{name='diskState', value='READY'}, Tag{name='nodeType', value='ELECTABLE'}, Tag{name='provider', value='AWS'}, Tag{name='region', value='AP_SOUTH_1'}, Tag{name='workloadType', value='OPERATIONAL'}]}, electionId=null, setVersion=181, topologyVersion=TopologyVersion{processId=68243ea8895ae73388741490, counter=5}, lastWriteDate=Thu May 15 22:12:15 IST 2025, lastUpdateTimeNanos=648750899911400}
2025-05-15T22:12:12.844+05:30  INFO 22464 --- [ngodb.net:27017] org.mongodb.driver.cluster               : Monitor thread successfully connected to server with description ServerDescription{address=ac-bapaon2-shard-00-02.7jflzio.mongodb.net:27017, type=REPLICA_SET_PRIMARY, state=CONNECTED, ok=true, minWireVersion=0, maxWireVersion=25, maxDocumentSize=16777216, logicalSessionTimeoutMinutes=30, roundTripTimeNanos=1142515100, setName='atlas-n5tllh-shard-0', canonicalAddress=ac-bapaon2-shard-00-02.7jflzio.mongodb.net:27017, hosts=[ac-bapaon2-shard-00-00.7jflzio.mongodb.net:27017, ac-bapaon2-shard-00-01.7jflzio.mongodb.net:27017, ac-bapaon2-shard-00-02.7jflzio.mongodb.net:27017], passives=[], arbiters=[], primary='ac-bapaon2-shard-00-02.7jflzio.mongodb.net:27017', tagSet=TagSet{[Tag{name='availabilityZone', value='aps1-az2'}, Tag{name='diskState', value='READY'}, Tag{name='nodeType', value='ELECTABLE'}, Tag{name='provider', value='AWS'}, Tag{name='region', value='AP_SOUTH_1'}, Tag{name='workloadType', value='OPERATIONAL'}]}, electionId=7fffffff000000000000009a, setVersion=181, topologyVersion=TopologyVersion{processId=68243c81712c148e32083497, counter=9}, lastWriteDate=Thu May 15 22:12:15 IST 2025, lastUpdateTimeNanos=648750900107100}
2025-05-15T22:12:12.859+05:30  INFO 22464 --- [ngodb.net:27017] org.mongodb.driver.cluster               : Discovered replica set primary ac-bapaon2-shard-00-02.7jflzio.mongodb.net:27017 with max election id 7fffffff000000000000009a and max set version 181
2025-05-15T22:12:13.099+05:30 DEBUG 22464 --- [           main] s.w.s.m.m.a.RequestMappingHandlerAdapter : ControllerAdvice beans: 0 @ModelAttribute, 0 @InitBinder, 1 RequestBodyAdvice, 1 ResponseBodyAdvice
2025-05-15T22:12:13.289+05:30 DEBUG 22464 --- [           main] s.w.s.m.m.a.RequestMappingHandlerMapping : 48 mappings in 'requestMappingHandlerMapping'
2025-05-15T22:12:13.306+05:30 DEBUG 22464 --- [           main] o.s.w.s.c.annotation.WebMvcConfigurer    : Default resource handling disabled
2025-05-15T22:12:13.354+05:30 DEBUG 22464 --- [           main] o.s.w.s.handler.SimpleUrlHandlerMapping  : Patterns [/api/uploads/**, /api/media/**] in 'resourceHandlerMapping'
2025-05-15T22:12:13.364+05:30 DEBUG 22464 --- [           main] .m.m.a.ExceptionHandlerExceptionResolver : ControllerAdvice beans: 0 @ExceptionHandler, 1 ResponseBodyAdvice
2025-05-15T22:12:13.639+05:30  INFO 22464 --- [           main] c.e.backend.BackendApplicationTests      : Started BackendApplicationTests in 6.139 seconds (process running for 7.612)
]]></system-out>
    <system-err><![CDATA[WARNING: A Java agent has been loaded dynamically (C:\Users\chath\.m2\repository\net\bytebuddy\byte-buddy-agent\1.14.9\byte-buddy-agent-1.14.9.jar)
WARNING: If a serviceability tool is in use, please run with -XX:+EnableDynamicAgentLoading to hide this warning
WARNING: If a serviceability tool is not in use, please run with -Djdk.instrument.traceUsage for more information
WARNING: Dynamic loading of agents will be disallowed by default in a future release
]]></system-err>
  </testcase>
</testsuite>